<?xml version="1.0" encoding="UTF-8"?>
<testsuite xmlns:xsi="http://www.w3.org/2001/XMLSchema-instance" xsi:noNamespaceSchemaLocation="https://maven.apache.org/surefire/maven-surefire-plugin/xsd/surefire-test-report.xsd" name="com.riskgame.GameEngineTest" time="0.294" tests="1" errors="0" skipped="0" failures="0">
  <properties>
    <property name="java.specification.version" value="21"/>
    <property name="sun.cpu.isalist" value="amd64"/>
    <property name="sun.jnu.encoding" value="Cp1252"/>
    <property name="java.class.path" value="C:\Users\yashc\OneDrive\Desktop\CANADA\Related study\MACS\Fall-2023\APP\Project\Build1\RiskGame\target\test-classes;C:\Users\yashc\OneDrive\Desktop\CANADA\Related study\MACS\Fall-2023\APP\Project\Build1\RiskGame\target\classes;C:\Users\yashc\.m2\repository\junit\junit\4.11\junit-4.11.jar;C:\Users\yashc\.m2\repository\org\hamcrest\hamcrest-core\1.3\hamcrest-core-1.3.jar;C:\Users\yashc\.m2\repository\org\jgrapht\jgrapht-core\1.3.1\jgrapht-core-1.3.1.jar;C:\Users\yashc\.m2\repository\org\jheaps\jheaps\0.10\jheaps-0.10.jar;"/>
    <property name="java.vm.vendor" value="Oracle Corporation"/>
    <property name="sun.arch.data.model" value="64"/>
    <property name="user.variant" value=""/>
    <property name="java.vendor.url" value="https://java.oracle.com/"/>
    <property name="user.timezone" value="America/Toronto"/>
    <property name="os.name" value="Windows 10"/>
    <property name="java.vm.specification.version" value="21"/>
    <property name="sun.java.launcher" value="SUN_STANDARD"/>
    <property name="user.country" value="CA"/>
    <property name="sun.boot.library.path" value="C:\Users\yashc\.jdks\openjdk-21\bin"/>
    <property name="sun.java.command" value="C:\Users\yashc\AppData\Local\Temp\surefire13230403291724229227\surefirebooter17833514598042104770.jar C:\Users\yashc\AppData\Local\Temp\surefire13230403291724229227 2023-09-28T19-50-21_915-jvmRun1 surefire9762134351718151881tmp surefire_017078547443209375205tmp"/>
    <property name="jdk.debug" value="release"/>
    <property name="surefire.test.class.path" value="C:\Users\yashc\OneDrive\Desktop\CANADA\Related study\MACS\Fall-2023\APP\Project\Build1\RiskGame\target\test-classes;C:\Users\yashc\OneDrive\Desktop\CANADA\Related study\MACS\Fall-2023\APP\Project\Build1\RiskGame\target\classes;C:\Users\yashc\.m2\repository\junit\junit\4.11\junit-4.11.jar;C:\Users\yashc\.m2\repository\org\hamcrest\hamcrest-core\1.3\hamcrest-core-1.3.jar;C:\Users\yashc\.m2\repository\org\jgrapht\jgrapht-core\1.3.1\jgrapht-core-1.3.1.jar;C:\Users\yashc\.m2\repository\org\jheaps\jheaps\0.10\jheaps-0.10.jar;"/>
    <property name="sun.cpu.endian" value="little"/>
    <property name="user.home" value="C:\Users\yashc"/>
    <property name="user.language" value="en"/>
    <property name="java.specification.vendor" value="Oracle Corporation"/>
    <property name="java.version.date" value="2023-09-19"/>
    <property name="java.home" value="C:\Users\yashc\.jdks\openjdk-21"/>
    <property name="file.separator" value="\"/>
    <property name="basedir" value="C:\Users\yashc\OneDrive\Desktop\CANADA\Related study\MACS\Fall-2023\APP\Project\Build1\RiskGame"/>
    <property name="java.vm.compressedOopsMode" value="32-bit"/>
    <property name="line.separator" value="&#10;"/>
    <property name="java.vm.specification.vendor" value="Oracle Corporation"/>
    <property name="java.specification.name" value="Java Platform API Specification"/>
    <property name="surefire.real.class.path" value="C:\Users\yashc\AppData\Local\Temp\surefire13230403291724229227\surefirebooter17833514598042104770.jar"/>
    <property name="user.script" value=""/>
    <property name="sun.management.compiler" value="HotSpot 64-Bit Tiered Compilers"/>
    <property name="java.runtime.version" value="21+35-2513"/>
    <property name="user.name" value="yashc"/>
    <property name="stdout.encoding" value="Cp1252"/>
    <property name="path.separator" value=";"/>
    <property name="os.version" value="10.0"/>
    <property name="java.runtime.name" value="OpenJDK Runtime Environment"/>
    <property name="file.encoding" value="UTF-8"/>
    <property name="java.vm.name" value="OpenJDK 64-Bit Server VM"/>
    <property name="localRepository" value="C:\Users\yashc\.m2\repository"/>
    <property name="java.vendor.url.bug" value="https://bugreport.java.com/bugreport/"/>
    <property name="java.io.tmpdir" value="C:\Users\yashc\AppData\Local\Temp\"/>
    <property name="java.version" value="21"/>
    <property name="user.dir" value="C:\Users\yashc\OneDrive\Desktop\CANADA\Related study\MACS\Fall-2023\APP\Project\Build1\RiskGame"/>
    <property name="os.arch" value="amd64"/>
    <property name="java.vm.specification.name" value="Java Virtual Machine Specification"/>
    <property name="sun.os.patch.level" value=""/>
    <property name="native.encoding" value="Cp1252"/>
    <property name="java.library.path" value="C:\Users\yashc\.jdks\openjdk-21\bin;C:\Windows\Sun\Java\bin;C:\Windows\system32;C:\Windows;C:\Windows\system32;C:\Windows;C:\Windows\System32\Wbem;C:\Windows\System32\WindowsPowerShell\v1.0\;C:\Windows\System32\OpenSSH\;C:\Program Files\Git\cmd;C:\Users\yashc\.jdks\openjdk-21\bin;C:\Program Files\apache-maven-3.6.3\bin;C:\Users\yashc\AppData\Local\Programs\Python\Python36\Scripts\;C:\Users\yashc\AppData\Local\Programs\Python\Python36\;C:\Users\yashc\AppData\Local\Microsoft\WindowsApps;C:\Program Files\JetBrains\IntelliJ IDEA Community Edition 2022.3.2\bin;;C:\Users\yashc\AppData\Local\Programs\Microsoft VS Code\bin;;."/>
    <property name="java.vm.info" value="mixed mode, sharing"/>
    <property name="stderr.encoding" value="Cp1252"/>
    <property name="java.vendor" value="Oracle Corporation"/>
    <property name="java.vm.version" value="21+35-2513"/>
    <property name="sun.io.unicode.encoding" value="UnicodeLittle"/>
    <property name="java.class.version" value="65.0"/>
  </properties>
  <testcase name="shouldAnswerWithTrue" classname="com.riskgame.GameEngineTest" time="0.024"/>
</testsuite>